176
5 363
20 354
38 338
52 292
84 163
451 9997
492 641
502 609
647 842
749 831
844 9899
858 9884
900 9876
927 9870
931 9853
989 9830
1045 9587
1059 9209
1110 1156
1178 9197
1181 9196
1184 1199
1208 2844
1236 1322
1340 2063
1380 2037
1408 1825
1426 1430
1456 1732
1457 1591
1464 1519
1565 1580
1616 1620
1691 1731
1771 1801
1843 1858
1878 2031
1947 1994
2074 2086
2096 2701
2101 2120
2126 2425
2163 2201
2241 2392
2248 2290
2304 2339
2440 2669
2473 2663
2478 2624
2641 2649
2710 2839
2720 2835
2867 9185
2883 9088
2951 2967
2952 2954
2993 9073
3029 9055
3156 9020
3158 3588
3172 3537
3181 3470
3197 3423
3201 3393
3275 3329
3354 3356
3520 3531
3604 8970
3628 8969
3645 8961
3654 3690
3691 8941
3748 8917
3772 8678
3831 8671
3834 4024
3856 3913
4030 7179
4034 4134
4184 7164
4197 7146
4219 7121
4220 6492
4225 6491
4257 6371
4268 6328
4297 6101
4388 4420
4438 6074
4497 6068
4515 4529
4540 5685
4562 5581
4575 5539
4601 5534
4634 4731
4637 4711
4742 4839
4757 4790
4904 5510
4913 5480
4943 4979
4999 5124
5033 5108
5145 5456
5166 5259
5175 5257
5320 5395
5561 5575
5586 5609
5616 5623
5630 5682
5656 5674
5692 5841
5723 5815
5856 6059
5998 6041
6106 6293
6107 6144
6166 6292
6167 6270
6400 6470
6415 6422
6545 7110
6551 6617
6631 7094
6633 6763
6638 6645
6657 6690
6833 7064
6874 7049
6945 6974
6995 7041
7187 8488
7197 8450
7222 8357
7275 8354
7288 8334
7358 7410
7401 7407
7414 7464
7476 8325
7479 8161
7489 8092
7505 7509
7525 7666
7528 7664
7668 7688
7713 8069
7717 7731
7754 7780
7808 7831
7845 8055
7850 7888
7894 7976
8212 8298
8363 8436
8365 8418
8492 8666
8495 8616
8682 8916
8684 8884
8700 8835
8718 8792
9108 9174
9214 9566
9235 9298
9300 9545
9401 9535
9430 9515
9599 9758
9602 9708
9607 9616
9682 9706
9723 9751
9925 9977
