-11096
0 25 7
0 6 -17
0 21 -20
0 13 -21
0 11 -22
0 26 -29
0 12 -37
0 16 -39
0 8 -61
0 4 -65
0 9 -67
0 20 -75
0 18 -91
0 10 -91
0 17 -92
0 15 -94
1 28 91
1 13 86
1 19 82
1 17 76
1 26 75
1 27 74
1 3 72
1 18 70
1 23 56
1 25 54
1 0 38
1 15 3
1 12 -16
1 11 -19
1 20 -20
1 14 -22
1 9 -22
1 21 -38
1 10 -49
1 16 -50
1 24 -54
1 8 -81
1 4 -95
1 7 -95
2 3 91
2 13 81
2 19 70
2 8 68
2 15 66
2 10 58
2 24 41
2 5 36
2 18 34
2 12 19
2 20 13
2 16 -5
2 25 -9
2 11 -14
2 4 -22
2 7 -26
2 28 -29
2 27 -46
2 21 -54
2 22 -67
2 17 -68
2 29 -72
2 23 -88
2 1 -88
2 26 -91
2 9 -93
2 0 -100
3 25 36
3 18 28
3 13 11
3 6 0
3 1 -5
3 21 -6
3 5 -7
3 22 -17
3 7 -32
3 0 -32
3 11 -33
3 28 -59
3 16 -62
3 29 -74
3 26 -80
4 21 78
4 15 78
4 17 68
4 26 51
4 20 44
4 3 25
4 25 10
4 19 -2
4 9 -7
4 23 -10
4 18 -13
4 27 -20
4 12 -23
4 28 -25
4 29 -40
4 0 -42
4 1 -55
4 24 -58
4 16 -78
4 10 -91
4 2 -98
4 13 -98
5 17 92
5 28 84
5 26 80
5 7 79
5 15 73
5 13 62
5 18 43
5 10 30
5 20 29
5 9 20
5 4 11
5 3 -9
5 19 -13
5 1 -17
5 21 -17
5 23 -22
5 16 -28
5 27 -30
5 0 -48
5 12 -49
5 24 -56
5 25 -64
5 14 -74
5 8 -85
5 11 -99
6 2 84
6 7 56
6 0 46
6 12 44
6 8 34
6 4 34
6 13 34
6 21 31
6 9 29
6 27 26
6 24 22
6 1 21
6 11 17
6 25 17
6 23 11
6 22 8
6 17 -2
6 5 -12
6 19 -21
6 18 -30
6 3 -44
6 10 -46
6 26 -49
6 16 -66
6 14 -68
6 20 -71
6 28 -77
6 15 -87
6 29 -92
7 4 95
7 15 84
7 26 51
7 20 42
7 21 24
7 18 5
7 10 -3
7 1 -11
7 3 -13
7 25 -14
7 8 -23
7 6 -28
7 13 -28
7 23 -36
7 9 -47
7 0 -48
7 28 -49
7 17 -59
7 12 -88
7 29 -95
7 27 -100
8 19 85
8 11 82
8 16 67
8 3 62
8 17 59
8 18 57
8 26 55
8 7 42
8 13 37
8 15 35
8 25 27
8 20 19
8 9 1
8 27 -7
8 10 -24
8 4 -38
8 12 -43
8 5 -45
8 28 -47
8 23 -48
8 0 -75
8 21 -82
9 3 72
9 21 30
9 17 27
9 15 25
9 27 23
9 25 -14
9 0 -24
9 26 -33
9 18 -40
9 13 -55
9 2 -55
9 24 -65
9 20 -68
9 6 -73
9 10 -75
9 23 -88
9 28 -93
10 20 87
10 25 69
10 28 60
10 18 49
10 21 32
10 13 28
10 5 -3
10 29 -4
10 3 -10
10 0 -11
10 1 -12
10 27 -14
10 26 -22
10 11 -46
10 24 -46
10 4 -79
10 16 -87
10 8 -99
10 9 -100
11 20 67
11 16 62
11 26 52
11 10 51
11 21 30
11 12 21
11 13 6
11 0 4
11 3 -2
11 19 -3
11 25 -11
11 17 -15
11 22 -16
11 15 -24
11 18 -30
11 4 -49
11 23 -52
11 9 -55
11 27 -56
11 14 -60
11 28 -63
11 7 -71
11 2 -72
11 29 -85
11 1 -85
12 15 78
12 4 65
12 0 52
12 7 47
12 27 35
12 26 30
12 23 2
12 8 -6
12 13 -7
12 17 -11
12 9 -15
12 25 -32
12 10 -35
12 24 -37
12 18 -37
12 20 -42
12 28 -55
12 19 -64
12 21 -65
12 2 -75
12 3 -77
12 16 -90
12 1 -91
13 18 67
13 2 -4
13 19 -6
13 26 -7
13 27 -13
13 10 -17
13 12 -20
13 21 -38
13 5 -55
13 9 -60
13 15 -63
13 28 -68
13 23 -68
13 6 -70
13 22 -74
13 7 -74
13 1 -75
13 8 -77
13 3 -78
14 15 83
14 21 79
14 3 76
14 20 76
14 8 71
14 26 55
14 5 54
14 12 34
14 7 31
14 1 -5
14 13 -6
14 4 -21
14 24 -25
14 25 -26
14 28 -31
14 10 -32
14 18 -34
14 2 -47
14 22 -49
14 0 -54
14 19 -61
14 16 -63
14 9 -80
14 17 -87
14 11 -90
14 27 -100
14 23 -100
15 13 41
15 26 12
15 18 9
15 3 4
15 10 3
15 21 -6
15 1 -10
15 17 -10
15 20 -35
15 27 -42
15 11 -43
15 7 -46
15 0 -48
15 28 -62
15 22 -82
15 25 -88
16 3 90
16 9 65
16 10 53
16 26 48
16 13 9
16 27 6
16 29 -6
16 25 -7
16 6 -20
16 20 -23
16 4 -26
16 18 -32
16 8 -45
16 0 -47
16 22 -50
16 28 -50
16 21 -56
16 2 -65
16 23 -66
16 15 -81
16 19 -84
16 5 -91
16 17 -92
16 7 -93
16 11 -95
17 26 51
17 13 44
17 20 43
17 28 30
17 18 26
17 21 11
17 23 -5
17 4 -8
17 16 -11
17 2 -17
17 0 -27
17 6 -57
17 25 -62
17 14 -67
17 11 -78
17 27 -90
17 19 -91
17 3 -93
17 10 -98
17 15 -100
18 24 -20
18 28 -21
18 9 -25
18 27 -27
18 4 -28
18 19 -28
18 10 -30
18 0 -35
18 6 -41
18 20 -42
18 8 -48
18 11 -59
18 29 -70
18 16 -87
19 27 90
19 4 79
19 0 78
19 21 68
19 25 68
19 28 61
19 7 54
19 18 48
19 15 37
19 13 26
19 6 0
19 20 -2
19 9 -10
19 17 -15
19 10 -34
19 24 -38
19 3 -67
19 14 -76
19 12 -80
19 26 -89
19 11 -91
19 29 -92
20 27 94
20 28 77
20 13 33
20 21 25
20 4 0
20 17 -12
20 22 -19
20 12 -29
20 19 -32
20 26 -37
20 3 -38
20 18 -56
20 23 -56
20 24 -61
20 0 -80
20 25 -86
20 6 -98
21 13 30
21 22 -2
21 3 -18
21 11 -19
21 19 -20
21 1 -21
21 0 -30
21 18 -49
21 12 -60
21 25 -65
21 27 -68
21 6 -71
21 10 -84
21 17 -89
22 1 96
22 3 90
22 17 69
22 10 64
22 26 59
22 9 52
22 11 52
22 15 48
22 5 46
22 0 35
22 27 32
22 20 23
22 13 21
22 18 18
22 4 8
22 21 1
22 12 -6
22 28 -21
22 24 -31
22 8 -33
22 16 -42
22 7 -44
22 29 -45
22 23 -60
22 25 -78
22 19 -97
23 26 70
23 21 67
23 27 48
23 9 47
23 10 37
23 18 29
23 13 23
23 4 -5
23 25 -9
23 6 -10
23 2 -12
23 28 -13
23 24 -20
23 0 -29
23 7 -33
23 19 -63
23 3 -67
23 17 -79
23 15 -90
23 20 -94
24 28 83
24 20 74
24 27 64
24 0 42
24 11 36
24 10 30
24 15 25
24 9 23
24 13 23
24 16 10
24 14 -1
24 21 -13
24 26 -25
24 23 -32
24 2 -34
24 25 -37
24 6 -40
24 19 -44
24 18 -44
24 22 -53
24 12 -58
24 7 -60
24 4 -70
24 17 -71
24 8 -91
24 3 -97
25 13 37
25 18 0
25 11 -15
25 21 -24
25 23 -32
25 7 -38
25 27 -42
25 14 -44
25 2 -45
25 19 -46
25 22 -50
25 4 -55
25 24 -65
25 8 -69
25 6 -72
25 26 -73
25 1 -82
25 5 -96
25 3 -97
26 21 21
26 13 13
26 27 0
26 2 -4
26 14 -4
26 19 -10
26 3 -16
26 23 -20
26 17 -22
26 20 -32
26 10 -39
26 0 -44
26 16 -48
26 29 -55
26 18 -56
26 9 -58
26 25 -60
26 12 -74
26 5 -77
26 22 -80
26 15 -92
27 0 60
27 13 15
27 1 -2
27 3 -4
27 15 -12
27 28 -15
27 24 -32
27 25 -33
27 18 -35
27 17 -39
27 23 -55
27 5 -66
27 20 -73
27 29 -76
27 19 -80
27 7 -81
27 22 -83
27 26 -92
28 27 68
28 26 64
28 13 63
28 21 59
28 3 49
28 18 23
28 25 5
28 24 -21
28 14 -28
28 9 -63
28 1 -65
28 29 -67
28 0 -73
28 5 -91
28 15 -94
28 7 -100
29 5 75
29 0 50
29 16 49
29 23 47
29 17 46
29 4 43
29 1 42
29 20 36
29 25 28
29 22 25
29 18 22
29 15 18
29 7 -4
29 26 -9
29 12 -16
29 28 -27
29 14 -30
29 24 -31
29 2 -34
29 27 -45
29 8 -55
29 19 -64
29 10 -67
29 13 -68
29 3 -84
29 11 -92
29 21 -96
29 9 -99
