-70938
0 91 -6
0 206 -16
0 448 -67
0 494 -73
1 38 36
1 314 26
1 356 -17
1 400 -53
1 278 -53
2 438 -30
2 201 -88
3 187 -8
3 388 -18
3 488 -25
3 428 -31
3 41 -44
4 378 -22
4 413 -68
5 401 -11
5 69 -40
5 326 -54
5 468 -61
6 437 10
6 131 -25
6 292 -35
6 256 -88
7 260 -19
7 419 -38
7 289 -46
7 336 -77
8 345 -43
8 246 -72
9 234 -96
9 133 -98
10 285 -10
10 455 -44
10 288 -46
11 460 29
11 106 -97
11 373 -98
12 151 -54
12 454 -68
12 282 -82
12 346 -96
13 83 -38
13 192 -42
13 322 -55
13 312 -59
15 52 -15
15 328 -38
15 112 -97
16 177 -21
16 461 -55
16 246 -64
16 92 -66
17 294 -56
18 448 -30
18 83 -38
18 199 -51
18 481 -62
19 41 -12
19 168 -16
19 352 -20
19 492 -88
20 344 -69
20 423 -79
21 10 9
22 366 -4
22 79 -71
23 265 -24
23 146 -42
24 489 -10
24 231 -18
24 313 -29
24 404 -50
24 151 -52
24 100 -98
25 40 -17
25 375 -25
25 497 -44
25 61 -52
25 15 -63
25 86 -76
26 173 22
26 323 -7
26 113 -33
26 179 -87
27 19 -41
27 40 -76
27 375 -89
27 138 -94
28 451 -2
28 328 -11
29 478 -3
29 308 -27
29 429 -37
29 53 -69
30 352 19
30 24 -56
31 73 -36
32 212 -23
32 394 -32
32 386 -73
33 29 -73
34 329 20
34 367 13
34 243 8
34 475 -4
34 191 -13
34 497 -37
35 254 49
35 474 -44
35 109 -67
35 79 -84
35 64 -96
36 239 -23
36 162 -82
37 319 32
37 317 -69
38 222 -7
38 42 -47
38 65 -57
38 235 -77
39 85 17
39 87 -23
39 191 -31
39 263 -66
39 277 -93
39 101 -96
40 367 -13
40 361 -19
40 78 -23
40 208 -76
41 95 -38
41 432 -48
42 138 16
42 282 -7
42 65 -18
42 494 -60
43 61 42
43 218 38
43 484 26
43 46 3
43 89 -10
43 118 -16
43 425 -36
43 313 -36
43 62 -80
43 491 -90
43 9 -90
44 236 -10
44 35 -56
44 222 -82
45 301 -20
45 235 -40
45 206 -41
45 316 -67
45 471 -71
45 438 -85
46 230 -6
46 328 -55
46 466 -71
47 105 -40
47 340 -95
48 349 -42
48 298 -60
48 15 -78
48 449 -88
49 82 -54
49 30 -62
50 374 65
50 218 -14
50 192 -48
50 336 -89
50 256 -95
50 482 -99
51 484 38
51 209 34
51 456 22
52 29 -9
52 31 -53
52 436 -68
53 137 40
54 155 18
54 493 -1
54 26 -14
54 96 -73
55 0 -42
55 428 -45
55 332 -52
55 76 -64
55 368 -74
55 37 -99
56 227 -27
56 70 -46
56 167 -94
57 214 -13
57 280 -58
57 248 -79
58 322 -41
58 279 -66
58 183 -69
59 43 -31
59 195 -83
59 477 -96
60 51 -28
60 161 -31
60 108 -41
60 184 -46
60 229 -52
60 42 -52
61 36 -11
61 449 -15
61 318 -17
61 122 -26
61 208 -69
61 145 -86
61 84 -94
61 485 -99
62 401 -11
62 428 -54
62 473 -78
63 237 -67
64 42 -55
64 207 -99
66 95 -44
68 315 -10
68 153 -16
68 368 -38
69 188 30
69 451 -9
69 135 -12
69 369 -17
69 59 -28
69 468 -33
69 48 -34
70 135 -68
70 6 -96
70 362 -98
71 473 -46
71 9 -55
71 285 -95
72 460 31
72 316 -2
72 97 -2
72 424 -28
73 429 -1
73 93 -71
74 165 27
74 25 10
74 339 -28
74 233 -34
74 445 -35
74 295 -43
74 81 -43
74 449 -55
74 28 -56
74 110 -78
76 20 -35
76 478 -36
76 197 -38
76 467 -41
76 77 -48
76 445 -68
76 33 -96
77 146 -85
77 43 -93
78 20 -6
78 173 -60
78 263 -89
79 104 -40
79 358 -45
79 221 -54
79 24 -65
79 498 -77
79 138 -89
80 463 14
80 195 -35
80 114 -56
80 291 -62
81 136 -40
81 311 -41
81 300 -51
81 19 -77
81 264 -98
82 124 -3
82 188 -56
82 392 -70
82 316 -91
83 339 -69
84 470 -51
84 443 -80
85 220 -10
85 274 -15
85 300 -32
85 79 -37
85 395 -42
85 251 -52
85 362 -70
85 191 -88
87 289 -19
88 353 -11
88 245 -24
88 39 -51
88 365 -98
89 191 44
89 106 3
89 84 -5
89 349 -13
89 485 -40
89 491 -49
90 147 -36
90 313 -57
90 245 -63
90 202 -65
90 352 -84
91 498 47
91 235 47
91 418 41
92 51 -3
92 18 -14
92 432 -32
93 163 -24
93 494 -69
93 253 -94
94 239 47
94 90 45
94 237 11
94 209 -93
94 289 -94
95 236 4
95 71 1
95 486 -26
96 17 -2
96 426 -18
96 60 -93
97 427 -1
97 390 -19
98 319 30
98 63 -26
98 100 -32
98 195 -70
98 325 -75
98 78 -80
98 7 -99
100 188 53
100 109 33
100 402 22
100 332 -60
101 25 -3
101 388 -86
101 422 -90
101 308 -99
102 317 35
102 484 -60
103 263 2
103 189 -16
103 150 -21
103 81 -45
104 419 -25
105 177 -36
105 211 -36
105 343 -50
105 17 -89
105 436 -99
106 379 -43
106 166 -72
107 134 -10
107 413 -44
107 335 -88
108 379 56
108 71 45
108 186 -24
108 485 -27
108 310 -28
109 255 -19
109 256 -54
109 179 -62
109 207 -87
110 45 -16
110 348 -34
111 154 -34
111 7 -49
111 398 -96
112 477 -14
112 370 -23
112 271 -53
113 427 -43
113 79 -54
113 335 -54
114 281 18
114 423 3
114 375 -30
114 1 -41
114 182 -63
114 435 -80
115 369 4
115 48 0
115 257 -20
115 1 -23
115 121 -38
115 155 -42
115 495 -44
116 325 24
116 91 -39
117 171 -58
118 421 -4
118 413 -29
118 464 -59
118 262 -86
118 255 -93
118 172 -99
119 196 28
119 58 -39
120 196 0
120 135 -8
120 87 -45
120 71 -54
120 499 -87
121 303 -79
122 103 -24
122 344 -44
122 271 -55
122 45 -66
123 366 -68
124 491 -19
124 11 -62
124 196 -70
124 318 -75
124 107 -78
125 418 -14
125 464 -73
125 154 -99
126 257 -20
126 174 -66
126 158 -84
126 109 -91
126 443 -98
126 284 -100
127 450 -5
127 178 -9
127 294 -45
127 94 -54
127 51 -55
127 498 -82
127 398 -83
127 45 -91
127 396 -93
128 9 -19
128 191 -34
128 161 -92
129 44 12
129 81 9
129 415 5
129 177 3
129 413 -58
130 71 -52
130 250 -74
131 120 -4
131 251 -8
131 292 -10
131 426 -67
131 54 -86
132 8 -3
132 45 -85
132 474 -97
133 247 -14
133 162 -17
133 489 -21
133 355 -60
134 424 -39
134 158 -39
135 371 6
135 96 -14
135 270 -96
136 199 -69
137 274 -8
137 224 -33
137 325 -98
138 475 -34
138 486 -78
138 328 -94
139 264 21
139 376 10
139 469 -34
139 415 -43
140 406 -23
140 467 -30
140 83 -76
140 401 -99
141 38 1
141 351 -32
142 198 -2
142 140 -65
142 0 -74
142 322 -91
143 154 29
143 379 -1
143 444 -53
143 461 -74
144 249 49
144 443 3
144 90 -27
144 199 -50
144 330 -81
145 76 21
145 154 -17
146 272 0
146 227 -7
146 111 -30
147 401 27
147 214 -61
148 56 53
148 208 43
148 420 17
148 110 -10
148 180 -52
148 43 -56
148 9 -67
149 137 -57
149 35 -82
150 441 -52
150 147 -63
151 370 25
151 465 8
151 262 -99
151 414 -100
152 429 -15
152 361 -71
152 489 -79
152 357 -97
153 30 -65
153 165 -65
153 12 -68
154 14 -67
154 170 -80
155 412 31
155 150 -6
155 444 -54
156 388 -33
156 179 -66
156 210 -72
156 41 -90
157 16 38
157 117 22
157 402 -9
157 10 -49
157 280 -53
157 337 -63
158 476 -65
159 359 18
159 15 13
159 107 -11
159 343 -24
159 155 -78
160 471 10
160 159 -41
160 384 -79
161 193 -100
162 54 -18
162 319 -30
162 121 -56
162 125 -74
162 171 -85
163 60 6
163 236 -28
163 395 -80
164 320 35
164 124 17
164 445 -31
164 453 -62
165 297 56
165 98 -8
165 298 -8
165 215 -56
165 175 -65
165 18 -81
166 31 -50
166 390 -91
167 396 32
167 39 -63
167 219 -98
168 454 -45
169 190 -10
169 242 -77
170 86 41
170 297 8
170 204 -38
170 269 -54
171 319 34
171 352 -30
173 248 -42
173 249 -46
173 383 -99
174 183 0
174 463 -26
174 163 -53
175 430 -96
176 131 -1
176 254 -98
177 235 45
177 171 -21
177 329 -34
177 421 -98
178 90 44
178 70 23
178 114 -8
178 292 -55
178 310 -64
178 264 -90
179 148 -1
179 58 -19
179 17 -68
180 174 34
180 495 -54
181 43 -3
181 98 -74
182 482 -20
182 50 -79
183 31 -78
183 210 -82
184 194 -1
184 48 -20
184 434 -43
184 2 -61
185 317 43
185 56 27
185 460 26
185 180 -4
185 179 -45
185 399 -51
186 60 -32
186 54 -66
187 429 -15
187 384 -32
188 450 -53
188 358 -88
189 72 -9
189 384 -58
189 373 -78
190 151 -44
190 174 -90
191 368 -20
191 177 -42
191 217 -80
191 493 -83
192 28 41
192 426 12
192 304 11
192 322 -33
192 363 -81
192 14 -92
193 355 19
193 8 17
193 252 7
193 297 -5
193 223 -5
193 85 -28
193 373 -59
193 240 -69
194 362 -25
194 421 -85
194 452 -88
195 51 -1
195 18 -35
195 402 -39
195 161 -46
195 317 -54
195 140 -70
196 209 19
196 397 -42
196 154 -79
197 385 55
197 299 0
197 5 -9
198 460 -71
198 92 -81
199 289 0
199 168 -7
199 463 -40
199 61 -62
199 328 -68
200 135 -26
200 47 -37
200 161 -56
200 205 -72
200 277 -85
200 237 -96
201 479 -36
201 174 -64
201 156 -95
203 426 59
203 346 40
203 408 -67
203 439 -84
203 99 -93
204 405 7
204 114 -41
204 103 -47
205 241 11
205 284 1
205 435 -7
205 310 -24
205 44 -42
205 46 -75
206 421 13
206 357 -3
206 295 -22
206 146 -45
206 173 -89
207 190 -59
207 78 -89
208 264 25
208 40 1
208 304 -12
208 411 -59
208 322 -90
208 256 -93
209 49 -9
209 145 -71
209 408 -81
209 3 -93
210 287 15
210 475 -36
210 252 -50
211 182 -54
212 417 -19
212 217 -22
212 322 -35
213 396 33
213 472 -4
213 431 -21
213 355 -90
213 59 -95
214 349 54
214 374 52
214 33 -28
214 496 -33
214 262 -48
215 27 -25
216 301 44
216 395 -53
216 212 -83
217 182 -34
217 213 -34
217 64 -75
218 383 -8
218 424 -9
218 0 -9
218 263 -25
218 186 -61
219 2 17
219 116 -45
219 316 -45
219 403 -61
219 489 -83
219 435 -87
219 12 -99
220 113 42
220 306 39
220 480 -6
220 467 -13
220 246 -31
220 370 -84
221 345 28
221 98 -36
221 350 -43
221 119 -58
221 355 -66
221 150 -90
222 232 29
222 45 -32
222 216 -38
222 279 -53
222 383 -66
222 498 -69
222 462 -72
223 87 -11
223 290 -27
223 83 -36
224 231 -5
224 10 -61
224 446 -66
225 303 -16
225 484 -32
226 395 22
226 274 21
226 314 2
226 283 -37
226 388 -73
226 80 -89
226 113 -90
227 354 -45
227 318 -69
227 62 -99
228 42 -65
228 456 -85
228 254 -98
229 317 56
229 116 -8
229 273 -14
229 385 -91
230 404 -1
230 400 -29
230 225 -59
231 254 -85
232 22 60
232 487 -13
232 249 -17
232 187 -69
232 363 -100
233 153 -34
233 435 -75
233 143 -91
234 309 -8
234 140 -18
234 459 -52
235 84 -19
235 138 -53
235 452 -53
235 2 -78
236 277 -17
236 112 -27
236 333 -40
236 431 -62
236 442 -74
236 268 -83
236 3 -84
236 258 -84
236 146 -84
236 411 -88
236 454 -97
237 490 -5
237 196 -25
237 199 -49
238 326 -41
238 484 -89
239 294 -25
239 330 -33
239 207 -47
239 21 -50
240 341 -29
240 66 -57
241 149 19
241 421 6
241 138 -15
241 284 -40
241 392 -46
242 249 40
242 435 0
242 180 -3
242 90 -8
242 339 -14
242 254 -31
242 357 -50
242 297 -53
242 31 -89
243 177 -89
244 48 -9
244 478 -97
245 359 24
245 302 -10
245 386 -16
245 486 -25
245 460 -69
245 389 -84
246 159 52
246 59 -25
246 376 -28
247 249 -65
247 128 -99
248 400 -53
248 251 -60
249 426 -22
250 497 -1
251 247 -6
251 136 -37
251 78 -45
251 122 -62
251 347 -71
252 319 -27
252 22 -39
252 279 -45
252 243 -82
253 15 4
253 162 -25
253 252 -66
253 432 -68
253 295 -97
254 462 -83
254 420 -85
255 439 0
255 459 -17
255 245 -48
256 159 18
256 46 -13
256 437 -42
256 371 -54
257 442 -38
257 41 -39
259 184 -26
259 185 -40
259 130 -48
259 56 -87
260 32 34
260 381 -15
260 97 -19
260 231 -46
260 373 -74
261 234 -16
261 419 -92
262 240 -14
262 443 -68
262 292 -76
263 385 25
263 397 -63
263 376 -70
263 198 -94
265 326 -40
265 428 -65
266 21 54
266 445 -26
267 260 48
267 56 7
267 411 -3
267 210 -8
267 125 -42
267 128 -59
267 235 -93
269 418 -27
269 32 -45
269 77 -84
270 234 37
270 385 -33
271 349 56
272 247 -15
272 420 -99
273 162 17
274 248 -23
274 451 -50
275 303 38
275 26 -53
276 195 36
276 445 -25
276 201 -30
276 260 -93
277 448 31
277 477 -30
277 492 -85
278 139 -17
278 482 -26
278 470 -41
279 200 5
279 237 -5
279 423 -85
281 393 -17
281 296 -36
281 404 -61
282 284 31
282 327 22
282 348 14
282 231 -68
282 375 -81
282 194 -82
283 324 -61
284 479 -27
284 361 -45
284 297 -69
284 5 -81
285 427 7
285 257 -11
285 291 -66
286 430 44
286 371 -2
286 429 -4
286 39 -12
286 320 -24
286 266 -39
286 186 -40
286 413 -76
286 51 -97
287 58 22
288 190 -16
289 115 -34
289 188 -80
290 345 -9
290 312 -27
290 424 -37
290 333 -61
290 104 -62
291 319 20
291 455 -3
291 84 -3
291 313 -42
291 126 -44
291 220 -49
291 334 -65
291 76 -75
292 244 -19
292 232 -39
292 414 -65
293 455 -9
293 163 -31
293 370 -42
293 8 -52
293 215 -58
293 216 -95
294 157 -34
294 107 -55
294 71 -62
294 397 -76
294 490 -82
294 334 -99
295 185 29
295 375 24
295 9 14
295 57 8
295 238 -32
295 293 -50
295 70 -62
295 119 -99
296 243 -45
296 440 -93
297 455 0
298 232 28
298 316 -28
298 7 -39
298 495 -47
298 349 -99
299 207 59
299 361 25
299 340 3
299 451 -7
299 35 -63
299 76 -68
299 131 -85
299 373 -94
300 136 51
300 419 -93
301 359 31
301 458 -2
301 239 -28
301 368 -30
301 322 -37
301 272 -73
301 24 -95
301 178 -97
301 469 -98
302 165 19
302 179 -46
303 177 -17
303 109 -56
303 219 -70
304 164 -80
304 148 -87
304 9 -91
305 485 41
305 378 29
305 384 -72
306 24 -24
306 433 -28
306 315 -28
306 20 -51
306 430 -81
307 200 -53
307 191 -97
308 340 -10
308 360 -17
309 189 26
309 93 -2
309 204 -58
309 132 -68
310 470 -21
310 199 -48
310 264 -50
311 214 53
311 417 20
311 26 7
311 400 -15
311 150 -15
311 419 -54
311 410 -57
311 275 -74
311 144 -84
311 118 -86
311 370 -95
312 351 -6
312 431 -24
312 203 -50
312 240 -63
312 33 -76
312 248 -84
312 440 -93
312 379 -98
313 441 -3
313 302 -31
313 29 -60
313 451 -60
313 68 -62
314 27 -5
314 246 -51
314 79 -54
315 169 59
315 284 -1
315 437 -36
315 393 -59
315 65 -62
316 273 -14
316 120 -14
316 479 -91
316 55 -93
317 113 -81
317 89 -93
317 227 -94
318 414 -53
318 446 -59
318 172 -77
318 449 -93
320 499 5
322 258 -11
323 434 -26
323 318 -99
324 120 -44
324 255 -49
324 465 -66
324 146 -98
325 163 -15
325 36 -70
325 143 -75
326 408 39
326 483 -4
326 341 -62
326 30 -85
326 473 -89
327 190 -19
327 132 -41
327 2 -57
327 457 -61
327 382 -76
327 308 -98
328 414 4
328 82 -8
328 103 -9
328 100 -28
328 329 -35
328 435 -38
328 378 -60
329 354 25
329 316 24
329 491 -37
330 435 -63
330 16 -72
330 226 -93
330 365 -100
331 447 -4
331 256 -66
331 249 -69
331 432 -90
332 143 -57
332 170 -89
333 176 -25
333 168 -25
334 278 -48
334 337 -64
335 148 -18
335 248 -25
335 421 -57
335 302 -71
336 171 -34
336 219 -72
337 398 -31
337 372 -50
337 184 -65
338 44 -48
339 479 32
339 391 -32
339 383 -53
340 348 23
340 385 -7
340 466 -45
340 488 -48
341 370 4
341 394 -5
341 41 -23
341 224 -51
341 466 -72
342 269 -2
342 73 -21
342 12 -26
342 459 -72
343 191 13
343 42 -7
343 89 -21
343 423 -42
343 159 -85
343 132 -85
344 256 45
344 395 -13
344 367 -41
344 476 -75
345 363 -14
345 52 -38
345 341 -70
345 117 -99
346 274 -14
346 23 -52
346 175 -95
346 269 -97
346 131 -100
347 293 -87
348 329 -9
348 283 -19
348 55 -73
349 88 17
349 108 -25
349 83 -57
349 190 -65
349 253 -74
349 92 -89
350 82 -12
351 280 26
351 318 -58
351 309 -68
351 282 -91
352 362 -7
352 27 -62
353 385 19
353 67 7
353 483 -90
353 69 -100
354 244 17
354 478 -15
354 7 -26
354 373 -45
354 169 -68
354 490 -71
354 297 -96
355 264 -52
355 463 -54
355 375 -98
356 420 18
356 205 0
356 70 -33
357 102 -11
357 184 -38
357 276 -49
357 73 -63
357 399 -87
357 474 -97
357 237 -100
358 98 -67
359 444 -37
359 464 -41
359 32 -50
359 344 -61
359 247 -64
359 317 -89
360 247 -12
360 457 -37
360 349 -46
361 149 -10
361 329 -17
362 267 -28
362 74 -38
363 82 -90
364 341 -1
364 60 -14
365 470 -25
365 322 -26
365 461 -43
365 185 -61
365 384 -66
366 208 -1
366 218 -21
366 432 -30
366 358 -85
367 133 -3
367 177 -63
368 408 0
368 438 -98
369 75 -35
370 11 -55
370 222 -57
370 180 -66
370 378 -73
371 446 7
371 228 -74
371 499 -91
371 31 -92
372 52 14
372 209 -31
372 336 -37
372 229 -95
373 92 -15
373 172 -24
374 372 -9
374 15 -9
374 50 -15
374 95 -36
375 173 -30
375 183 -52
375 388 -71
375 233 -90
376 334 -37
376 393 -69
377 5 -54
377 483 -59
377 424 -70
378 230 -45
378 121 -73
379 191 27
379 174 15
379 462 13
379 331 -6
379 493 -23
379 363 -96
381 450 -5
381 3 -13
381 36 -28
381 352 -42
381 24 -81
383 456 -3
383 192 -50
383 115 -66
383 58 -70
383 196 -78
383 80 -86
383 292 -94
384 97 -8
384 347 -33
385 162 -7
385 250 -38
385 249 -40
385 483 -54
385 264 -86
386 227 -20
386 35 -47
386 490 -92
387 192 -35
387 269 -40
387 99 -41
387 247 -51
388 106 -35
388 215 -42
388 79 -64
389 60 23
389 196 -73
389 220 -94
390 448 24
390 146 -31
390 200 -53
390 395 -84
390 239 -100
391 398 46
391 178 -75
392 189 -67
392 121 -72
392 417 -74
392 231 -79
392 391 -79
392 182 -98
393 197 -35
393 287 -60
393 110 -90
394 335 11
394 377 0
394 11 -36
394 494 -39
394 312 -69
395 26 -41
395 356 -67
396 496 -11
396 164 -18
396 72 -89
397 392 50
397 278 -20
397 335 -28
397 381 -37
397 337 -50
397 362 -59
398 374 44
398 57 -15
398 13 -25
398 433 -28
398 400 -32
398 55 -52
399 251 -3
399 312 -50
399 324 -56
399 35 -74
400 216 -3
400 252 -29
400 184 -32
400 445 -66
401 197 -40
402 253 -1
402 151 -62
403 40 -6
403 236 -7
403 7 -48
404 339 -1
404 6 -11
404 128 -49
405 79 -68
405 383 -71
406 325 -84
407 360 4
407 380 -34
407 381 -34
407 100 -61
407 448 -83
407 144 -89
408 85 40
408 411 -66
409 215 -21
409 472 -72
409 269 -93
410 209 8
410 292 -23
410 17 -44
410 194 -44
410 394 -50
410 140 -56
410 174 -87
410 261 -95
411 305 -3
411 124 -5
411 1 -97
412 271 -47
412 99 -92
412 287 -93
412 171 -95
412 256 -100
413 411 -22
413 24 -28
413 121 -48
414 289 -62
414 480 -76
415 200 -22
415 54 -33
416 236 -55
417 149 54
417 134 -21
417 101 -30
417 9 -57
417 264 -86
417 10 -94
418 118 -42
419 319 -2
419 214 -15
419 4 -74
420 489 -3
420 199 -66
420 460 -68
421 283 -48
423 10 -4
423 361 -11
423 355 -25
423 454 -59
423 426 -67
423 400 -77
424 13 -63
424 245 -100
425 5 -59
426 295 -37
427 193 -21
427 498 -59
427 268 -63
427 105 -99
428 278 -66
428 85 -69
428 125 -73
428 44 -76
428 259 -94
429 490 1
429 115 -7
429 368 -9
429 376 -22
429 355 -31
429 304 -31
429 358 -93
430 248 27
430 135 -16
430 87 -29
430 499 -34
430 278 -45
430 106 -94
430 101 -98
431 261 36
431 36 -36
431 164 -67
431 463 -75
432 401 -30
432 195 -50
432 21 -60
432 65 -77
432 480 -89
433 57 12
433 137 -8
433 430 -48
433 494 -55
433 319 -71
433 125 -85
433 85 -90
434 120 -13
434 182 -33
434 332 -42
434 356 -81
435 441 -65
435 448 -88
436 400 -28
436 362 -42
436 418 -48
436 216 -57
437 115 -10
437 131 -76
438 460 9
438 119 -45
438 454 -85
438 408 -93
439 344 -43
439 304 -76
440 485 55
440 304 -11
440 281 -18
440 102 -88
441 197 14
441 116 -39
442 99 -31
442 447 -33
442 152 -40
442 325 -60
442 301 -89
442 190 -90
443 377 -9
443 81 -30
443 469 -39
443 123 -82
443 462 -94
443 148 -100
444 58 -9
444 231 -10
444 249 -15
444 113 -26
444 223 -50
445 410 -61
445 111 -67
445 215 -68
446 421 1
446 90 -53
447 248 19
447 336 -3
447 131 -47
447 95 -48
447 284 -96
448 371 -27
448 109 -29
448 368 -69
449 374 -11
449 52 -15
449 73 -61
449 120 -76
449 13 -93
450 396 -29
450 354 -42
451 471 28
451 246 -26
451 152 -43
452 183 -7
452 407 -68
452 311 -74
452 168 -81
453 58 -37
453 279 -54
453 439 -65
454 166 -53
454 333 -70
454 250 -79
455 93 -54
455 82 -76
455 342 -82
455 298 -83
455 436 -87
455 281 -99
458 374 -23
458 77 -95
459 38 -12
459 279 -99
460 32 -4
460 469 -21
460 172 -37
460 326 -57
461 299 -6
461 26 -60
461 53 -63
461 370 -93
461 23 -93
462 213 -33
462 299 -35
462 406 -85
462 147 -90
462 74 -92
462 18 -96
463 287 -9
463 113 -47
463 365 -54
463 461 -61
463 428 -64
464 441 -8
464 142 -17
464 74 -66
465 402 -68
466 476 -12
466 75 -38
466 327 -47
466 283 -57
466 250 -82
466 176 -96
467 264 -70
467 214 -86
467 49 -91
467 22 -96
468 372 -18
468 421 -45
468 235 -55
469 161 -10
469 306 -18
469 493 -32
469 437 -43
469 453 -86
470 68 -6
470 154 -18
470 443 -30
470 62 -66
471 351 -13
471 4 -74
471 348 -75
471 350 -75
472 303 10
472 229 -87
473 62 -9
473 26 -66
473 295 -67
474 44 -41
474 323 -42
474 43 -70
474 25 -82
476 443 42
476 479 33
476 427 -5
476 477 -92
476 113 -98
477 207 30
477 200 -41
477 486 -68
478 304 9
478 161 -26
478 393 -26
478 405 -63
479 421 -34
479 282 -65
479 144 -77
479 181 -94
480 261 20
480 345 -57
481 31 -16
481 103 -27
481 183 -67
481 171 -69
481 458 -72
481 295 -72
482 173 -18
483 56 37
483 174 -1
483 34 -2
483 12 -40
483 141 -79
483 239 -87
483 411 -99
485 212 -5
485 210 -29
485 206 -65
486 131 -21
486 373 -35
487 248 45
487 25 26
487 458 4
487 429 3
487 202 0
487 474 -59
487 107 -68
487 169 -95
487 468 -100
488 338 -24
488 232 -76
488 325 -78
488 457 -83
488 245 -99
489 11 -1
489 175 -31
489 158 -46
489 360 -86
490 479 66
490 301 -71
491 10 22
491 362 -74
492 341 0
492 496 -37
492 66 -54
492 391 -70
492 333 -72
492 420 -79
493 347 13
493 48 -7
493 143 -51
493 315 -79
493 395 -79
493 39 -100
494 10 48
494 408 26
494 98 -12
494 269 -50
494 106 -56
495 244 15
495 92 -28
495 465 -29
495 138 -67
495 413 -75
496 217 -3
496 354 -28
496 209 -32
496 266 -40
496 390 -70
497 109 -1
497 216 -10
497 86 -53
497 81 -79
498 126 33
498 96 -1
498 231 -14
498 499 -19
499 169 -16
