-3330
0 42 57
0 17 -45
1 8 0
1 0 0
1 26 -25
1 45 -61
2 48 59
2 29 58
2 13 22
2 30 21
2 3 13
2 22 6
2 8 -59
2 45 -81
3 39 68
3 48 64
3 35 48
3 27 46
3 38 36
3 32 3
3 0 -3
3 13 -77
4 27 64
4 19 57
4 10 -17
5 8 38
5 12 0
5 28 -70
5 29 -76
5 36 -90
6 20 81
6 14 -6
6 12 -34
6 7 -77
6 31 -78
6 49 -88
7 26 62
7 25 61
7 14 59
7 3 46
7 24 3
7 30 -19
7 47 -32
7 16 -42
7 31 -51
7 22 -89
8 49 44
8 34 27
8 15 21
8 26 -5
8 6 -25
8 19 -50
9 6 76
9 40 50
9 24 -19
9 22 -23
9 41 -24
9 35 -63
9 21 -68
9 29 -75
9 3 -76
10 31 67
10 26 43
10 45 11
10 18 -6
10 24 -14
10 22 -21
10 44 -47
10 41 -70
10 39 -100
11 2 -99
12 13 62
12 25 -36
12 46 -81
12 34 -84
12 3 -95
13 21 27
13 45 -17
13 4 -65
13 40 -77
14 23 53
14 0 24
14 10 -58
14 9 -78
15 25 53
15 7 40
15 39 18
15 40 -18
15 45 -66
15 29 -67
16 3 75
16 41 41
16 38 -11
16 23 -32
16 17 -74
17 22 78
17 26 53
17 12 40
17 8 -15
17 29 -16
17 33 -95
18 16 61
18 37 61
18 7 -45
19 22 59
19 17 55
19 48 23
19 25 12
19 36 -51
19 7 -62
20 36 -1
20 48 -16
20 34 -56
21 24 55
21 25 -3
21 10 -65
21 18 -68
21 30 -68
21 39 -92
22 24 24
22 14 5
22 31 -45
23 12 44
23 29 22
23 47 11
23 6 -3
23 9 -33
23 40 -92
24 19 23
24 28 -23
25 3 54
25 47 47
25 23 36
25 0 -24
26 6 52
26 23 47
26 24 41
26 31 9
26 22 1
27 19 63
27 11 51
27 13 -7
27 34 -52
27 29 -55
27 8 -67
27 38 -72
28 4 -67
29 4 74
29 44 49
29 31 19
29 47 -73
29 10 -100
30 4 24
30 13 -41
30 36 -51
30 33 -67
30 49 -81
30 10 -84
31 38 -34
32 21 75
32 4 44
32 35 33
32 18 -46
32 22 -53
32 34 -59
32 42 -69
32 23 -84
32 11 -89
32 30 -90
33 7 40
33 8 -6
33 14 -91
33 32 -93
33 3 -98
34 4 16
34 25 -19
34 14 -59
35 1 47
35 12 41
35 22 1
35 10 -15
35 6 -18
35 49 -43
35 34 -50
35 28 -76
36 15 63
36 18 58
36 6 51
36 46 -51
36 21 -58
36 2 -63
36 43 -65
36 9 -81
37 17 33
37 30 19
37 44 -57
38 42 50
38 12 47
38 23 33
39 11 55
39 6 43
39 31 -10
39 23 -61
39 40 -83
40 16 55
40 46 50
40 48 30
40 7 19
40 43 -12
40 0 -68
41 18 5
41 35 -74
41 31 -77
42 29 40
42 6 32
42 16 -26
42 7 -39
42 39 -45
42 2 -54
42 24 -76
42 5 -81
43 0 17
43 17 2
43 9 -61
44 7 47
44 6 13
44 8 -12
45 48 21
45 5 -6
45 8 -100
46 24 20
46 31 -97
47 33 41
47 21 38
47 48 -18
47 44 -24
47 37 -50
47 16 -94
48 12 34
48 46 30
48 23 7
48 27 -41
48 6 -42
48 28 -47
48 49 -48
48 21 -68
48 37 -79
49 32 26
49 19 12
49 22 -18
49 37 -83
